<?xml version="1.0" encoding="UTF-8"?>
<testng-results ignored="0" total="1" passed="1" failed="0" skipped="0">
  <reporter-output>
  </reporter-output>
  <suite started-at="2021-03-31T09:37:17Z" name="Default suite" finished-at="2021-03-31T09:37:17Z" duration-ms="47">
    <groups>
    </groups>
    <test started-at="2021-03-31T09:37:17Z" name="Default test" finished-at="2021-03-31T09:37:17Z" duration-ms="47">
      <class name="day3.TestNGAnnotations">
        <test-method signature="print()[pri:0, instance:day3.TestNGAnnotations@2d9caaeb]" started-at="2021-03-31T09:37:17Z" name="print" finished-at="2021-03-31T09:37:17Z" duration-ms="13" status="PASS">
          <reporter-output>
          </reporter-output>
        </test-method> <!-- print -->
      </class> <!-- day3.TestNGAnnotations -->
    </test> <!-- Default test -->
  </suite> <!-- Default suite -->
</testng-results>
